<?xml version="1.0" encoding="UTF-8"?>
<!-- Generated by org.testng.reporters.JUnitXMLReporter -->
<testsuite ignored="0" hostname="LAPTOP-HP4VRMA2" failures="0" tests="3" name="Default test" time="16.843" errors="0" timestamp="2024-10-02T17:25:00 BDT">
  <testcase classname="selenium_1.TestLogin" name="testLogin" time="6.362"/>
  <testcase classname="selenium_1.TestLogin" name="testLogin" time="4.158"/>
  <testcase classname="selenium_1.TestLogin" name="testLogin" time="3.434"/>
</testsuite> <!-- Default test -->
