<?xml version="1.0" encoding="UTF-8"?>
<testng-results ignored="0" total="3" passed="3" failed="0" skipped="0">
  <reporter-output>
  </reporter-output>
  <suite started-at="2024-10-02T17:49:45 BDT" name="selenium_1.TestLogin" finished-at="2024-10-02T17:50:04 BDT" duration-ms="18895">
    <groups>
    </groups>
    <test started-at="2024-10-02T17:49:45 BDT" name="Command line test" finished-at="2024-10-02T17:50:04 BDT" duration-ms="18895">
      <class name="selenium_1.TestLogin">
        <test-method is-config="true" signature="setup()[pri:0, instance:selenium_1.TestLogin@8909f18]" started-at="2024-10-02T17:49:45 BDT" name="setup" finished-at="2024-10-02T17:49:48 BDT" duration-ms="2794" status="PASS">
          <reporter-output>
          </reporter-output>
        </test-method> <!-- setup -->
        <test-method signature="testLogin(java.lang.String,java.lang.String)[pri:0, instance:selenium_1.TestLogin@8909f18]" started-at="2024-10-02T17:49:48 BDT" name="testLogin" data-provider="loginDataProvider" finished-at="2024-10-02T17:49:54 BDT" duration-ms="6391" status="PASS">
          <params>
            <param index="0">
              <value>
                <![CDATA[pavanol123@gmail.com]]>
              </value>
            </param>
            <param index="1">
              <value>
                <![CDATA[test@123]]>
              </value>
            </param>
          </params>
          <reporter-output>
          </reporter-output>
        </test-method> <!-- testLogin -->
        <test-method signature="testLogin(java.lang.String,java.lang.String)[pri:0, instance:selenium_1.TestLogin@8909f18]" started-at="2024-10-02T17:49:54 BDT" name="testLogin" data-provider="loginDataProvider" finished-at="2024-10-02T17:49:58 BDT" duration-ms="4054" status="PASS">
          <params>
            <param index="0">
              <value>
                <![CDATA[johncanedy@gmail.com]]>
              </value>
            </param>
            <param index="1">
              <value>
                <![CDATA[test]]>
              </value>
            </param>
          </params>
          <reporter-output>
          </reporter-output>
        </test-method> <!-- testLogin -->
        <test-method signature="testLogin(java.lang.String,java.lang.String)[pri:0, instance:selenium_1.TestLogin@8909f18]" started-at="2024-10-02T17:49:58 BDT" name="testLogin" data-provider="loginDataProvider" finished-at="2024-10-02T17:50:03 BDT" duration-ms="5186" status="PASS">
          <params>
            <param index="0">
              <value>
                <![CDATA[abc@gmail.com]]>
              </value>
            </param>
            <param index="1">
              <value>
                <![CDATA[test123]]>
              </value>
            </param>
          </params>
          <reporter-output>
          </reporter-output>
        </test-method> <!-- testLogin -->
        <test-method is-config="true" signature="tearDown()[pri:0, instance:selenium_1.TestLogin@8909f18]" started-at="2024-10-02T17:50:03 BDT" name="tearDown" finished-at="2024-10-02T17:50:04 BDT" duration-ms="413" status="PASS">
          <reporter-output>
          </reporter-output>
        </test-method> <!-- tearDown -->
      </class> <!-- selenium_1.TestLogin -->
    </test> <!-- Command line test -->
  </suite> <!-- selenium_1.TestLogin -->
</testng-results>
