<?xml version="1.0" encoding="UTF-8"?>
<!-- Generated by org.testng.reporters.JUnitXMLReporter -->
<testsuite ignored="0" hostname="LAPTOP-HP4VRMA2" failures="0" tests="3" name="Command line test" time="18.895" errors="0" timestamp="2024-10-02T17:50:04 BDT">
  <testcase classname="selenium_1.TestLogin" name="testLogin" time="6.391"/>
  <testcase classname="selenium_1.TestLogin" name="testLogin" time="4.054"/>
  <testcase classname="selenium_1.TestLogin" name="testLogin" time="5.186"/>
</testsuite> <!-- Command line test -->
