<?xml version="1.0" encoding="UTF-8"?>
<testng-results ignored="0" total="1" passed="1" failed="0" skipped="0">
  <reporter-output>
  </reporter-output>
  <suite started-at="2024-10-02T22:06:49 BDT" name="Default suite" finished-at="2024-10-02T22:07:52 BDT" duration-ms="63209">
    <groups>
    </groups>
    <test started-at="2024-10-02T22:06:49 BDT" name="Default test" finished-at="2024-10-02T22:07:52 BDT" duration-ms="63209">
      <class name="testCases.TestExecute1">
        <test-method is-config="true" signature="setup()[pri:0, instance:testCases.TestExecute1@548d708a]" started-at="2024-10-02T22:06:49 BDT" name="setup" finished-at="2024-10-02T22:06:57 BDT" duration-ms="8110" status="PASS">
          <reporter-output>
          </reporter-output>
        </test-method> <!-- setup -->
        <test-method signature="verify_account_registration()[pri:0, instance:testCases.TestExecute1@548d708a]" started-at="2024-10-02T22:06:57 BDT" name="verify_account_registration" finished-at="2024-10-02T22:07:51 BDT" duration-ms="54609" status="PASS">
          <reporter-output>
          </reporter-output>
        </test-method> <!-- verify_account_registration -->
        <test-method is-config="true" signature="tarDown()[pri:0, instance:testCases.TestExecute1@548d708a]" started-at="2024-10-02T22:07:51 BDT" name="tarDown" finished-at="2024-10-02T22:07:52 BDT" duration-ms="417" status="PASS">
          <reporter-output>
          </reporter-output>
        </test-method> <!-- tarDown -->
      </class> <!-- testCases.TestExecute1 -->
    </test> <!-- Default test -->
  </suite> <!-- Default suite -->
</testng-results>
